mode: set
github.com/Mishamba/EPAM_GOLANG_COURSE/FourthTask/sorting/types/types.go:18.27,20.2 1 1
github.com/Mishamba/EPAM_GOLANG_COURSE/FourthTask/sorting/types/types.go:22.37,25.2 2 1
github.com/Mishamba/EPAM_GOLANG_COURSE/FourthTask/sorting/types/types.go:27.32,32.2 4 1
github.com/Mishamba/EPAM_GOLANG_COURSE/FourthTask/sorting/types/types.go:34.48,35.25 1 1
github.com/Mishamba/EPAM_GOLANG_COURSE/FourthTask/sorting/types/types.go:39.2,39.15 1 1
github.com/Mishamba/EPAM_GOLANG_COURSE/FourthTask/sorting/types/types.go:35.25,37.3 1 1
github.com/Mishamba/EPAM_GOLANG_COURSE/FourthTask/sorting/types/types.go:42.89,46.2 2 1
