mode: set
github.com/Mishamba/EPAM_GOLANG_COURSE/FifthTask/myStrToNum/myStrToNum.go:16.13,18.16 2 0
github.com/Mishamba/EPAM_GOLANG_COURSE/FifthTask/myStrToNum/myStrToNum.go:21.2,21.16 1 0
github.com/Mishamba/EPAM_GOLANG_COURSE/FifthTask/myStrToNum/myStrToNum.go:18.16,19.13 1 0
github.com/Mishamba/EPAM_GOLANG_COURSE/FifthTask/myStrToNum/myStrToNum.go:24.65,39.54 11 0
github.com/Mishamba/EPAM_GOLANG_COURSE/FifthTask/myStrToNum/myStrToNum.go:43.2,43.27 1 0
github.com/Mishamba/EPAM_GOLANG_COURSE/FifthTask/myStrToNum/myStrToNum.go:47.2,49.24 2 0
github.com/Mishamba/EPAM_GOLANG_COURSE/FifthTask/myStrToNum/myStrToNum.go:53.2,53.21 1 0
github.com/Mishamba/EPAM_GOLANG_COURSE/FifthTask/myStrToNum/myStrToNum.go:57.2,57.23 1 0
github.com/Mishamba/EPAM_GOLANG_COURSE/FifthTask/myStrToNum/myStrToNum.go:61.2,61.29 1 0
github.com/Mishamba/EPAM_GOLANG_COURSE/FifthTask/myStrToNum/myStrToNum.go:65.2,65.73 1 0
github.com/Mishamba/EPAM_GOLANG_COURSE/FifthTask/myStrToNum/myStrToNum.go:39.54,41.3 1 0
github.com/Mishamba/EPAM_GOLANG_COURSE/FifthTask/myStrToNum/myStrToNum.go:43.27,45.3 1 0
github.com/Mishamba/EPAM_GOLANG_COURSE/FifthTask/myStrToNum/myStrToNum.go:49.24,51.3 1 0
github.com/Mishamba/EPAM_GOLANG_COURSE/FifthTask/myStrToNum/myStrToNum.go:53.21,55.3 1 0
github.com/Mishamba/EPAM_GOLANG_COURSE/FifthTask/myStrToNum/myStrToNum.go:57.23,59.3 1 0
github.com/Mishamba/EPAM_GOLANG_COURSE/FifthTask/myStrToNum/myStrToNum.go:61.29,63.3 1 0
github.com/Mishamba/EPAM_GOLANG_COURSE/FifthTask/myStrToNum/myStrToNum.go:68.61,72.37 3 0
github.com/Mishamba/EPAM_GOLANG_COURSE/FifthTask/myStrToNum/myStrToNum.go:79.2,79.15 1 0
github.com/Mishamba/EPAM_GOLANG_COURSE/FifthTask/myStrToNum/myStrToNum.go:103.2,103.23 1 0
github.com/Mishamba/EPAM_GOLANG_COURSE/FifthTask/myStrToNum/myStrToNum.go:72.37,73.12 1 0
github.com/Mishamba/EPAM_GOLANG_COURSE/FifthTask/myStrToNum/myStrToNum.go:73.12,76.4 2 0
github.com/Mishamba/EPAM_GOLANG_COURSE/FifthTask/myStrToNum/myStrToNum.go:79.15,80.132 1 0
github.com/Mishamba/EPAM_GOLANG_COURSE/FifthTask/myStrToNum/myStrToNum.go:84.3,86.32 2 0
github.com/Mishamba/EPAM_GOLANG_COURSE/FifthTask/myStrToNum/myStrToNum.go:92.3,95.51 3 0
github.com/Mishamba/EPAM_GOLANG_COURSE/FifthTask/myStrToNum/myStrToNum.go:99.3,99.26 1 0
github.com/Mishamba/EPAM_GOLANG_COURSE/FifthTask/myStrToNum/myStrToNum.go:80.132,82.4 1 0
github.com/Mishamba/EPAM_GOLANG_COURSE/FifthTask/myStrToNum/myStrToNum.go:86.32,87.9 1 0
github.com/Mishamba/EPAM_GOLANG_COURSE/FifthTask/myStrToNum/myStrToNum.go:87.9,89.5 1 0
github.com/Mishamba/EPAM_GOLANG_COURSE/FifthTask/myStrToNum/myStrToNum.go:95.51,97.4 1 0
github.com/Mishamba/EPAM_GOLANG_COURSE/FifthTask/myStrToNum/myStrToNum.go:106.70,107.64 1 0
github.com/Mishamba/EPAM_GOLANG_COURSE/FifthTask/myStrToNum/myStrToNum.go:115.2,116.20 2 0
github.com/Mishamba/EPAM_GOLANG_COURSE/FifthTask/myStrToNum/myStrToNum.go:107.64,109.54 2 0
github.com/Mishamba/EPAM_GOLANG_COURSE/FifthTask/myStrToNum/myStrToNum.go:109.54,111.4 1 0
github.com/Mishamba/EPAM_GOLANG_COURSE/FifthTask/myStrToNum/myStrToNum.go:111.9,113.4 1 0
github.com/Mishamba/EPAM_GOLANG_COURSE/FifthTask/myStrToNum/myStrToNum.go:119.67,120.58 1 0
github.com/Mishamba/EPAM_GOLANG_COURSE/FifthTask/myStrToNum/myStrToNum.go:120.58,122.3 1 0
github.com/Mishamba/EPAM_GOLANG_COURSE/FifthTask/myStrToNum/myStrToNum.go:122.8,124.3 1 0
github.com/Mishamba/EPAM_GOLANG_COURSE/FifthTask/myStrToNum/myStrToNum.go:127.86,131.16 4 0
github.com/Mishamba/EPAM_GOLANG_COURSE/FifthTask/myStrToNum/myStrToNum.go:134.2,135.16 2 0
github.com/Mishamba/EPAM_GOLANG_COURSE/FifthTask/myStrToNum/myStrToNum.go:138.2,140.20 2 0
github.com/Mishamba/EPAM_GOLANG_COURSE/FifthTask/myStrToNum/myStrToNum.go:131.16,133.3 1 0
github.com/Mishamba/EPAM_GOLANG_COURSE/FifthTask/myStrToNum/myStrToNum.go:135.16,137.3 1 0
github.com/Mishamba/EPAM_GOLANG_COURSE/FifthTask/myStrToNum/myStrToNum.go:144.75,163.64 2 0
github.com/Mishamba/EPAM_GOLANG_COURSE/FifthTask/myStrToNum/myStrToNum.go:168.2,169.20 2 0
github.com/Mishamba/EPAM_GOLANG_COURSE/FifthTask/myStrToNum/myStrToNum.go:163.64,167.3 3 0
github.com/Mishamba/EPAM_GOLANG_COURSE/FifthTask/myStrToNum/myStrToNum.go:173.59,178.53 5 1
github.com/Mishamba/EPAM_GOLANG_COURSE/FifthTask/myStrToNum/myStrToNum.go:193.2,193.29 1 1
github.com/Mishamba/EPAM_GOLANG_COURSE/FifthTask/myStrToNum/myStrToNum.go:198.2,198.34 1 1
github.com/Mishamba/EPAM_GOLANG_COURSE/FifthTask/myStrToNum/myStrToNum.go:203.2,203.29 1 1
github.com/Mishamba/EPAM_GOLANG_COURSE/FifthTask/myStrToNum/myStrToNum.go:178.53,179.93 1 1
github.com/Mishamba/EPAM_GOLANG_COURSE/FifthTask/myStrToNum/myStrToNum.go:184.3,184.21 1 1
github.com/Mishamba/EPAM_GOLANG_COURSE/FifthTask/myStrToNum/myStrToNum.go:188.3,188.39 1 1
github.com/Mishamba/EPAM_GOLANG_COURSE/FifthTask/myStrToNum/myStrToNum.go:179.93,182.4 2 1
github.com/Mishamba/EPAM_GOLANG_COURSE/FifthTask/myStrToNum/myStrToNum.go:184.21,187.4 2 1
github.com/Mishamba/EPAM_GOLANG_COURSE/FifthTask/myStrToNum/myStrToNum.go:188.39,190.4 1 1
github.com/Mishamba/EPAM_GOLANG_COURSE/FifthTask/myStrToNum/myStrToNum.go:193.29,196.3 2 1
github.com/Mishamba/EPAM_GOLANG_COURSE/FifthTask/myStrToNum/myStrToNum.go:198.34,201.3 2 0
github.com/Mishamba/EPAM_GOLANG_COURSE/FifthTask/myStrToNum/myStrToNum.go:206.56,208.53 2 1
github.com/Mishamba/EPAM_GOLANG_COURSE/FifthTask/myStrToNum/myStrToNum.go:215.2,215.25 1 1
github.com/Mishamba/EPAM_GOLANG_COURSE/FifthTask/myStrToNum/myStrToNum.go:208.53,209.42 1 1
github.com/Mishamba/EPAM_GOLANG_COURSE/FifthTask/myStrToNum/myStrToNum.go:209.42,212.4 2 1
github.com/Mishamba/EPAM_GOLANG_COURSE/FifthTask/myStrToNum/myStrToNum.go:218.53,220.53 2 1
github.com/Mishamba/EPAM_GOLANG_COURSE/FifthTask/myStrToNum/myStrToNum.go:227.2,227.22 1 1
github.com/Mishamba/EPAM_GOLANG_COURSE/FifthTask/myStrToNum/myStrToNum.go:220.53,221.42 1 1
github.com/Mishamba/EPAM_GOLANG_COURSE/FifthTask/myStrToNum/myStrToNum.go:221.42,224.4 2 1
github.com/Mishamba/EPAM_GOLANG_COURSE/FifthTask/myStrToNum/myStrToNum.go:230.73,232.53 2 1
github.com/Mishamba/EPAM_GOLANG_COURSE/FifthTask/myStrToNum/myStrToNum.go:242.2,242.23 1 1
github.com/Mishamba/EPAM_GOLANG_COURSE/FifthTask/myStrToNum/myStrToNum.go:247.2,247.24 1 1
github.com/Mishamba/EPAM_GOLANG_COURSE/FifthTask/myStrToNum/myStrToNum.go:232.53,233.62 1 1
github.com/Mishamba/EPAM_GOLANG_COURSE/FifthTask/myStrToNum/myStrToNum.go:237.3,237.21 1 1
github.com/Mishamba/EPAM_GOLANG_COURSE/FifthTask/myStrToNum/myStrToNum.go:233.62,236.4 2 1
github.com/Mishamba/EPAM_GOLANG_COURSE/FifthTask/myStrToNum/myStrToNum.go:237.21,239.4 1 1
github.com/Mishamba/EPAM_GOLANG_COURSE/FifthTask/myStrToNum/myStrToNum.go:242.23,245.3 2 1
github.com/Mishamba/EPAM_GOLANG_COURSE/FifthTask/myStrToNum/myStrToNum.go:250.61,252.53 2 1
github.com/Mishamba/EPAM_GOLANG_COURSE/FifthTask/myStrToNum/myStrToNum.go:259.2,259.30 1 1
github.com/Mishamba/EPAM_GOLANG_COURSE/FifthTask/myStrToNum/myStrToNum.go:252.53,253.82 1 1
github.com/Mishamba/EPAM_GOLANG_COURSE/FifthTask/myStrToNum/myStrToNum.go:253.82,256.4 2 1
