mode: set
github.com/Mishamba/EPAM_GOLANG_COURSE/FifthTask/myStrToNum/myStrToNum.go:15.13,17.16 2 0
github.com/Mishamba/EPAM_GOLANG_COURSE/FifthTask/myStrToNum/myStrToNum.go:21.2,21.16 1 0
github.com/Mishamba/EPAM_GOLANG_COURSE/FifthTask/myStrToNum/myStrToNum.go:17.16,18.13 1 0
github.com/Mishamba/EPAM_GOLANG_COURSE/FifthTask/myStrToNum/myStrToNum.go:24.65,42.24 12 1
github.com/Mishamba/EPAM_GOLANG_COURSE/FifthTask/myStrToNum/myStrToNum.go:46.2,46.21 1 1
github.com/Mishamba/EPAM_GOLANG_COURSE/FifthTask/myStrToNum/myStrToNum.go:50.2,50.23 1 1
github.com/Mishamba/EPAM_GOLANG_COURSE/FifthTask/myStrToNum/myStrToNum.go:54.2,54.29 1 1
github.com/Mishamba/EPAM_GOLANG_COURSE/FifthTask/myStrToNum/myStrToNum.go:58.2,58.45 1 1
github.com/Mishamba/EPAM_GOLANG_COURSE/FifthTask/myStrToNum/myStrToNum.go:42.24,44.3 1 0
github.com/Mishamba/EPAM_GOLANG_COURSE/FifthTask/myStrToNum/myStrToNum.go:46.21,48.3 1 0
github.com/Mishamba/EPAM_GOLANG_COURSE/FifthTask/myStrToNum/myStrToNum.go:50.23,52.3 1 1
github.com/Mishamba/EPAM_GOLANG_COURSE/FifthTask/myStrToNum/myStrToNum.go:54.29,56.3 1 1
github.com/Mishamba/EPAM_GOLANG_COURSE/FifthTask/myStrToNum/myStrToNum.go:61.61,62.29 1 1
github.com/Mishamba/EPAM_GOLANG_COURSE/FifthTask/myStrToNum/myStrToNum.go:65.2,68.37 3 1
github.com/Mishamba/EPAM_GOLANG_COURSE/FifthTask/myStrToNum/myStrToNum.go:75.2,75.16 1 1
github.com/Mishamba/EPAM_GOLANG_COURSE/FifthTask/myStrToNum/myStrToNum.go:79.2,79.15 1 1
github.com/Mishamba/EPAM_GOLANG_COURSE/FifthTask/myStrToNum/myStrToNum.go:110.2,110.23 1 1
github.com/Mishamba/EPAM_GOLANG_COURSE/FifthTask/myStrToNum/myStrToNum.go:62.29,64.3 1 1
github.com/Mishamba/EPAM_GOLANG_COURSE/FifthTask/myStrToNum/myStrToNum.go:68.37,69.12 1 1
github.com/Mishamba/EPAM_GOLANG_COURSE/FifthTask/myStrToNum/myStrToNum.go:69.12,72.4 2 1
github.com/Mishamba/EPAM_GOLANG_COURSE/FifthTask/myStrToNum/myStrToNum.go:75.16,77.3 1 1
github.com/Mishamba/EPAM_GOLANG_COURSE/FifthTask/myStrToNum/myStrToNum.go:79.15,80.26 1 1
github.com/Mishamba/EPAM_GOLANG_COURSE/FifthTask/myStrToNum/myStrToNum.go:83.3,83.132 1 0
github.com/Mishamba/EPAM_GOLANG_COURSE/FifthTask/myStrToNum/myStrToNum.go:87.3,89.32 2 0
github.com/Mishamba/EPAM_GOLANG_COURSE/FifthTask/myStrToNum/myStrToNum.go:95.3,98.51 3 0
github.com/Mishamba/EPAM_GOLANG_COURSE/FifthTask/myStrToNum/myStrToNum.go:102.3,102.30 1 0
github.com/Mishamba/EPAM_GOLANG_COURSE/FifthTask/myStrToNum/myStrToNum.go:80.26,82.4 1 1
github.com/Mishamba/EPAM_GOLANG_COURSE/FifthTask/myStrToNum/myStrToNum.go:83.132,85.4 1 0
github.com/Mishamba/EPAM_GOLANG_COURSE/FifthTask/myStrToNum/myStrToNum.go:89.32,90.9 1 0
github.com/Mishamba/EPAM_GOLANG_COURSE/FifthTask/myStrToNum/myStrToNum.go:90.9,92.5 1 0
github.com/Mishamba/EPAM_GOLANG_COURSE/FifthTask/myStrToNum/myStrToNum.go:98.51,100.4 1 0
github.com/Mishamba/EPAM_GOLANG_COURSE/FifthTask/myStrToNum/myStrToNum.go:102.30,104.4 1 0
github.com/Mishamba/EPAM_GOLANG_COURSE/FifthTask/myStrToNum/myStrToNum.go:104.9,106.4 1 0
github.com/Mishamba/EPAM_GOLANG_COURSE/FifthTask/myStrToNum/myStrToNum.go:113.70,114.64 1 1
github.com/Mishamba/EPAM_GOLANG_COURSE/FifthTask/myStrToNum/myStrToNum.go:122.2,123.20 2 1
github.com/Mishamba/EPAM_GOLANG_COURSE/FifthTask/myStrToNum/myStrToNum.go:114.64,116.62 2 1
github.com/Mishamba/EPAM_GOLANG_COURSE/FifthTask/myStrToNum/myStrToNum.go:116.62,118.4 1 1
github.com/Mishamba/EPAM_GOLANG_COURSE/FifthTask/myStrToNum/myStrToNum.go:118.9,120.4 1 1
github.com/Mishamba/EPAM_GOLANG_COURSE/FifthTask/myStrToNum/myStrToNum.go:126.67,127.58 1 1
github.com/Mishamba/EPAM_GOLANG_COURSE/FifthTask/myStrToNum/myStrToNum.go:127.58,129.3 1 1
github.com/Mishamba/EPAM_GOLANG_COURSE/FifthTask/myStrToNum/myStrToNum.go:129.8,131.3 1 1
github.com/Mishamba/EPAM_GOLANG_COURSE/FifthTask/myStrToNum/myStrToNum.go:134.86,136.45 2 1
github.com/Mishamba/EPAM_GOLANG_COURSE/FifthTask/myStrToNum/myStrToNum.go:139.2,141.51 3 1
github.com/Mishamba/EPAM_GOLANG_COURSE/FifthTask/myStrToNum/myStrToNum.go:144.2,145.55 2 1
github.com/Mishamba/EPAM_GOLANG_COURSE/FifthTask/myStrToNum/myStrToNum.go:148.2,150.20 2 1
github.com/Mishamba/EPAM_GOLANG_COURSE/FifthTask/myStrToNum/myStrToNum.go:136.45,138.3 1 1
github.com/Mishamba/EPAM_GOLANG_COURSE/FifthTask/myStrToNum/myStrToNum.go:141.51,143.3 1 0
github.com/Mishamba/EPAM_GOLANG_COURSE/FifthTask/myStrToNum/myStrToNum.go:145.55,147.3 1 0
github.com/Mishamba/EPAM_GOLANG_COURSE/FifthTask/myStrToNum/myStrToNum.go:153.75,172.64 2 1
github.com/Mishamba/EPAM_GOLANG_COURSE/FifthTask/myStrToNum/myStrToNum.go:180.2,181.20 2 1
github.com/Mishamba/EPAM_GOLANG_COURSE/FifthTask/myStrToNum/myStrToNum.go:172.64,174.106 2 1
github.com/Mishamba/EPAM_GOLANG_COURSE/FifthTask/myStrToNum/myStrToNum.go:177.3,178.92 2 1
github.com/Mishamba/EPAM_GOLANG_COURSE/FifthTask/myStrToNum/myStrToNum.go:174.106,176.4 1 1
github.com/Mishamba/EPAM_GOLANG_COURSE/FifthTask/myStrToNum/myStrToNum.go:185.59,190.53 5 1
github.com/Mishamba/EPAM_GOLANG_COURSE/FifthTask/myStrToNum/myStrToNum.go:205.2,205.29 1 1
github.com/Mishamba/EPAM_GOLANG_COURSE/FifthTask/myStrToNum/myStrToNum.go:210.2,210.34 1 1
github.com/Mishamba/EPAM_GOLANG_COURSE/FifthTask/myStrToNum/myStrToNum.go:215.2,215.29 1 1
github.com/Mishamba/EPAM_GOLANG_COURSE/FifthTask/myStrToNum/myStrToNum.go:190.53,191.93 1 1
github.com/Mishamba/EPAM_GOLANG_COURSE/FifthTask/myStrToNum/myStrToNum.go:196.3,196.21 1 1
github.com/Mishamba/EPAM_GOLANG_COURSE/FifthTask/myStrToNum/myStrToNum.go:200.3,200.39 1 1
github.com/Mishamba/EPAM_GOLANG_COURSE/FifthTask/myStrToNum/myStrToNum.go:191.93,194.4 2 1
github.com/Mishamba/EPAM_GOLANG_COURSE/FifthTask/myStrToNum/myStrToNum.go:196.21,199.4 2 1
github.com/Mishamba/EPAM_GOLANG_COURSE/FifthTask/myStrToNum/myStrToNum.go:200.39,202.4 1 1
github.com/Mishamba/EPAM_GOLANG_COURSE/FifthTask/myStrToNum/myStrToNum.go:205.29,208.3 2 1
github.com/Mishamba/EPAM_GOLANG_COURSE/FifthTask/myStrToNum/myStrToNum.go:210.34,213.3 2 1
github.com/Mishamba/EPAM_GOLANG_COURSE/FifthTask/myStrToNum/myStrToNum.go:218.56,220.53 2 1
github.com/Mishamba/EPAM_GOLANG_COURSE/FifthTask/myStrToNum/myStrToNum.go:227.2,227.25 1 1
github.com/Mishamba/EPAM_GOLANG_COURSE/FifthTask/myStrToNum/myStrToNum.go:220.53,221.42 1 1
github.com/Mishamba/EPAM_GOLANG_COURSE/FifthTask/myStrToNum/myStrToNum.go:221.42,224.4 2 1
github.com/Mishamba/EPAM_GOLANG_COURSE/FifthTask/myStrToNum/myStrToNum.go:230.53,232.53 2 1
github.com/Mishamba/EPAM_GOLANG_COURSE/FifthTask/myStrToNum/myStrToNum.go:239.2,239.22 1 1
github.com/Mishamba/EPAM_GOLANG_COURSE/FifthTask/myStrToNum/myStrToNum.go:232.53,233.42 1 1
github.com/Mishamba/EPAM_GOLANG_COURSE/FifthTask/myStrToNum/myStrToNum.go:233.42,236.4 2 1
github.com/Mishamba/EPAM_GOLANG_COURSE/FifthTask/myStrToNum/myStrToNum.go:242.73,244.53 2 1
github.com/Mishamba/EPAM_GOLANG_COURSE/FifthTask/myStrToNum/myStrToNum.go:254.2,254.23 1 1
github.com/Mishamba/EPAM_GOLANG_COURSE/FifthTask/myStrToNum/myStrToNum.go:259.2,259.24 1 1
github.com/Mishamba/EPAM_GOLANG_COURSE/FifthTask/myStrToNum/myStrToNum.go:244.53,245.62 1 1
github.com/Mishamba/EPAM_GOLANG_COURSE/FifthTask/myStrToNum/myStrToNum.go:249.3,249.21 1 1
github.com/Mishamba/EPAM_GOLANG_COURSE/FifthTask/myStrToNum/myStrToNum.go:245.62,248.4 2 1
github.com/Mishamba/EPAM_GOLANG_COURSE/FifthTask/myStrToNum/myStrToNum.go:249.21,251.4 1 1
github.com/Mishamba/EPAM_GOLANG_COURSE/FifthTask/myStrToNum/myStrToNum.go:254.23,257.3 2 1
github.com/Mishamba/EPAM_GOLANG_COURSE/FifthTask/myStrToNum/myStrToNum.go:262.61,264.53 2 1
github.com/Mishamba/EPAM_GOLANG_COURSE/FifthTask/myStrToNum/myStrToNum.go:271.2,271.30 1 1
github.com/Mishamba/EPAM_GOLANG_COURSE/FifthTask/myStrToNum/myStrToNum.go:264.53,265.82 1 1
github.com/Mishamba/EPAM_GOLANG_COURSE/FifthTask/myStrToNum/myStrToNum.go:265.82,268.4 2 1
