mode: set
github.com/Mishamba/EPAM_GOLANG_COURSE/FifthTask/myStrToNum/firstSolution/myStrToNum.go:15.86,33.16 12 1
github.com/Mishamba/EPAM_GOLANG_COURSE/FifthTask/myStrToNum/firstSolution/myStrToNum.go:34.16,35.3 1 1
github.com/Mishamba/EPAM_GOLANG_COURSE/FifthTask/myStrToNum/firstSolution/myStrToNum.go:39.13,40.3 1 1
github.com/Mishamba/EPAM_GOLANG_COURSE/FifthTask/myStrToNum/firstSolution/myStrToNum.go:44.15,45.3 1 1
github.com/Mishamba/EPAM_GOLANG_COURSE/FifthTask/myStrToNum/firstSolution/myStrToNum.go:49.21,50.3 1 1
github.com/Mishamba/EPAM_GOLANG_COURSE/FifthTask/myStrToNum/firstSolution/myStrToNum.go:54.10,55.46 1 1
github.com/Mishamba/EPAM_GOLANG_COURSE/FifthTask/myStrToNum/firstSolution/myStrToNum.go:35.3,37.4 1 1
github.com/Mishamba/EPAM_GOLANG_COURSE/FifthTask/myStrToNum/firstSolution/myStrToNum.go:40.3,42.4 1 1
github.com/Mishamba/EPAM_GOLANG_COURSE/FifthTask/myStrToNum/firstSolution/myStrToNum.go:45.3,47.4 1 1
github.com/Mishamba/EPAM_GOLANG_COURSE/FifthTask/myStrToNum/firstSolution/myStrToNum.go:50.3,52.4 1 1
github.com/Mishamba/EPAM_GOLANG_COURSE/FifthTask/myStrToNum/firstSolution/myStrToNum.go:59.82,60.29 1 1
github.com/Mishamba/EPAM_GOLANG_COURSE/FifthTask/myStrToNum/firstSolution/myStrToNum.go:63.2,66.37 3 1
github.com/Mishamba/EPAM_GOLANG_COURSE/FifthTask/myStrToNum/firstSolution/myStrToNum.go:73.2,73.20 1 1
github.com/Mishamba/EPAM_GOLANG_COURSE/FifthTask/myStrToNum/firstSolution/myStrToNum.go:77.2,77.19 1 1
github.com/Mishamba/EPAM_GOLANG_COURSE/FifthTask/myStrToNum/firstSolution/myStrToNum.go:114.2,114.23 1 1
github.com/Mishamba/EPAM_GOLANG_COURSE/FifthTask/myStrToNum/firstSolution/myStrToNum.go:60.29,62.3 1 1
github.com/Mishamba/EPAM_GOLANG_COURSE/FifthTask/myStrToNum/firstSolution/myStrToNum.go:66.37,67.12 1 1
github.com/Mishamba/EPAM_GOLANG_COURSE/FifthTask/myStrToNum/firstSolution/myStrToNum.go:67.12,70.4 2 1
github.com/Mishamba/EPAM_GOLANG_COURSE/FifthTask/myStrToNum/firstSolution/myStrToNum.go:73.20,75.3 1 1
github.com/Mishamba/EPAM_GOLANG_COURSE/FifthTask/myStrToNum/firstSolution/myStrToNum.go:77.19,78.26 1 1
github.com/Mishamba/EPAM_GOLANG_COURSE/FifthTask/myStrToNum/firstSolution/myStrToNum.go:107.3,107.31 1 1
github.com/Mishamba/EPAM_GOLANG_COURSE/FifthTask/myStrToNum/firstSolution/myStrToNum.go:78.26,80.4 1 1
github.com/Mishamba/EPAM_GOLANG_COURSE/FifthTask/myStrToNum/firstSolution/myStrToNum.go:107.31,109.4 1 1
github.com/Mishamba/EPAM_GOLANG_COURSE/FifthTask/myStrToNum/firstSolution/myStrToNum.go:109.9,111.4 1 1
github.com/Mishamba/EPAM_GOLANG_COURSE/FifthTask/myStrToNum/firstSolution/myStrToNum.go:117.70,118.64 1 1
github.com/Mishamba/EPAM_GOLANG_COURSE/FifthTask/myStrToNum/firstSolution/myStrToNum.go:126.2,127.20 2 1
github.com/Mishamba/EPAM_GOLANG_COURSE/FifthTask/myStrToNum/firstSolution/myStrToNum.go:118.64,120.62 2 1
github.com/Mishamba/EPAM_GOLANG_COURSE/FifthTask/myStrToNum/firstSolution/myStrToNum.go:120.62,122.4 1 1
github.com/Mishamba/EPAM_GOLANG_COURSE/FifthTask/myStrToNum/firstSolution/myStrToNum.go:122.9,124.4 1 1
github.com/Mishamba/EPAM_GOLANG_COURSE/FifthTask/myStrToNum/firstSolution/myStrToNum.go:130.67,131.58 1 1
github.com/Mishamba/EPAM_GOLANG_COURSE/FifthTask/myStrToNum/firstSolution/myStrToNum.go:131.58,133.3 1 1
github.com/Mishamba/EPAM_GOLANG_COURSE/FifthTask/myStrToNum/firstSolution/myStrToNum.go:133.8,135.3 1 1
github.com/Mishamba/EPAM_GOLANG_COURSE/FifthTask/myStrToNum/firstSolution/myStrToNum.go:138.86,140.45 2 1
github.com/Mishamba/EPAM_GOLANG_COURSE/FifthTask/myStrToNum/firstSolution/myStrToNum.go:143.2,145.51 3 1
github.com/Mishamba/EPAM_GOLANG_COURSE/FifthTask/myStrToNum/firstSolution/myStrToNum.go:148.2,149.55 2 1
github.com/Mishamba/EPAM_GOLANG_COURSE/FifthTask/myStrToNum/firstSolution/myStrToNum.go:152.2,154.20 2 1
github.com/Mishamba/EPAM_GOLANG_COURSE/FifthTask/myStrToNum/firstSolution/myStrToNum.go:140.45,142.3 1 1
github.com/Mishamba/EPAM_GOLANG_COURSE/FifthTask/myStrToNum/firstSolution/myStrToNum.go:145.51,147.3 1 1
github.com/Mishamba/EPAM_GOLANG_COURSE/FifthTask/myStrToNum/firstSolution/myStrToNum.go:149.55,151.3 1 1
github.com/Mishamba/EPAM_GOLANG_COURSE/FifthTask/myStrToNum/firstSolution/myStrToNum.go:157.75,176.64 2 1
github.com/Mishamba/EPAM_GOLANG_COURSE/FifthTask/myStrToNum/firstSolution/myStrToNum.go:184.2,185.20 2 1
github.com/Mishamba/EPAM_GOLANG_COURSE/FifthTask/myStrToNum/firstSolution/myStrToNum.go:176.64,178.106 2 1
github.com/Mishamba/EPAM_GOLANG_COURSE/FifthTask/myStrToNum/firstSolution/myStrToNum.go:181.3,182.92 2 1
github.com/Mishamba/EPAM_GOLANG_COURSE/FifthTask/myStrToNum/firstSolution/myStrToNum.go:178.106,180.4 1 1
github.com/Mishamba/EPAM_GOLANG_COURSE/FifthTask/myStrToNum/firstSolution/myStrToNum.go:189.59,194.53 5 1
github.com/Mishamba/EPAM_GOLANG_COURSE/FifthTask/myStrToNum/firstSolution/myStrToNum.go:209.2,209.65 1 1
github.com/Mishamba/EPAM_GOLANG_COURSE/FifthTask/myStrToNum/firstSolution/myStrToNum.go:214.2,214.29 1 1
github.com/Mishamba/EPAM_GOLANG_COURSE/FifthTask/myStrToNum/firstSolution/myStrToNum.go:194.53,195.93 1 1
github.com/Mishamba/EPAM_GOLANG_COURSE/FifthTask/myStrToNum/firstSolution/myStrToNum.go:200.3,200.21 1 1
github.com/Mishamba/EPAM_GOLANG_COURSE/FifthTask/myStrToNum/firstSolution/myStrToNum.go:204.3,204.39 1 1
github.com/Mishamba/EPAM_GOLANG_COURSE/FifthTask/myStrToNum/firstSolution/myStrToNum.go:195.93,198.4 2 1
github.com/Mishamba/EPAM_GOLANG_COURSE/FifthTask/myStrToNum/firstSolution/myStrToNum.go:200.21,203.4 2 1
github.com/Mishamba/EPAM_GOLANG_COURSE/FifthTask/myStrToNum/firstSolution/myStrToNum.go:204.39,206.4 1 1
github.com/Mishamba/EPAM_GOLANG_COURSE/FifthTask/myStrToNum/firstSolution/myStrToNum.go:209.65,212.3 2 1
github.com/Mishamba/EPAM_GOLANG_COURSE/FifthTask/myStrToNum/firstSolution/myStrToNum.go:217.56,219.53 2 1
github.com/Mishamba/EPAM_GOLANG_COURSE/FifthTask/myStrToNum/firstSolution/myStrToNum.go:226.2,226.25 1 1
github.com/Mishamba/EPAM_GOLANG_COURSE/FifthTask/myStrToNum/firstSolution/myStrToNum.go:219.53,220.42 1 1
github.com/Mishamba/EPAM_GOLANG_COURSE/FifthTask/myStrToNum/firstSolution/myStrToNum.go:220.42,223.4 2 1
github.com/Mishamba/EPAM_GOLANG_COURSE/FifthTask/myStrToNum/firstSolution/myStrToNum.go:229.53,231.53 2 1
github.com/Mishamba/EPAM_GOLANG_COURSE/FifthTask/myStrToNum/firstSolution/myStrToNum.go:238.2,238.22 1 1
github.com/Mishamba/EPAM_GOLANG_COURSE/FifthTask/myStrToNum/firstSolution/myStrToNum.go:231.53,232.42 1 1
github.com/Mishamba/EPAM_GOLANG_COURSE/FifthTask/myStrToNum/firstSolution/myStrToNum.go:232.42,235.4 2 1
github.com/Mishamba/EPAM_GOLANG_COURSE/FifthTask/myStrToNum/firstSolution/myStrToNum.go:241.73,243.53 2 1
github.com/Mishamba/EPAM_GOLANG_COURSE/FifthTask/myStrToNum/firstSolution/myStrToNum.go:253.2,253.23 1 1
github.com/Mishamba/EPAM_GOLANG_COURSE/FifthTask/myStrToNum/firstSolution/myStrToNum.go:258.2,258.24 1 1
github.com/Mishamba/EPAM_GOLANG_COURSE/FifthTask/myStrToNum/firstSolution/myStrToNum.go:243.53,244.62 1 1
github.com/Mishamba/EPAM_GOLANG_COURSE/FifthTask/myStrToNum/firstSolution/myStrToNum.go:248.3,248.21 1 1
github.com/Mishamba/EPAM_GOLANG_COURSE/FifthTask/myStrToNum/firstSolution/myStrToNum.go:244.62,247.4 2 1
github.com/Mishamba/EPAM_GOLANG_COURSE/FifthTask/myStrToNum/firstSolution/myStrToNum.go:248.21,250.4 1 1
github.com/Mishamba/EPAM_GOLANG_COURSE/FifthTask/myStrToNum/firstSolution/myStrToNum.go:253.23,256.3 2 1
github.com/Mishamba/EPAM_GOLANG_COURSE/FifthTask/myStrToNum/firstSolution/myStrToNum.go:261.61,263.53 2 1
github.com/Mishamba/EPAM_GOLANG_COURSE/FifthTask/myStrToNum/firstSolution/myStrToNum.go:270.2,270.30 1 1
github.com/Mishamba/EPAM_GOLANG_COURSE/FifthTask/myStrToNum/firstSolution/myStrToNum.go:263.53,264.82 1 1
github.com/Mishamba/EPAM_GOLANG_COURSE/FifthTask/myStrToNum/firstSolution/myStrToNum.go:264.82,267.4 2 1
