mode: set
github.com/Mishamba/EPAM_GOLANG_COURSE/FifthTask/my_str_to_num/sec_solution/myStrToNum2.go:12.87,26.16 10 1
github.com/Mishamba/EPAM_GOLANG_COURSE/FifthTask/my_str_to_num/sec_solution/myStrToNum2.go:27.16,28.3 1 1
github.com/Mishamba/EPAM_GOLANG_COURSE/FifthTask/my_str_to_num/sec_solution/myStrToNum2.go:32.13,33.3 1 1
github.com/Mishamba/EPAM_GOLANG_COURSE/FifthTask/my_str_to_num/sec_solution/myStrToNum2.go:37.15,38.3 1 1
github.com/Mishamba/EPAM_GOLANG_COURSE/FifthTask/my_str_to_num/sec_solution/myStrToNum2.go:42.21,43.3 1 1
github.com/Mishamba/EPAM_GOLANG_COURSE/FifthTask/my_str_to_num/sec_solution/myStrToNum2.go:47.10,48.46 1 1
github.com/Mishamba/EPAM_GOLANG_COURSE/FifthTask/my_str_to_num/sec_solution/myStrToNum2.go:28.3,30.4 1 1
github.com/Mishamba/EPAM_GOLANG_COURSE/FifthTask/my_str_to_num/sec_solution/myStrToNum2.go:33.3,35.4 1 1
github.com/Mishamba/EPAM_GOLANG_COURSE/FifthTask/my_str_to_num/sec_solution/myStrToNum2.go:38.3,40.4 1 1
github.com/Mishamba/EPAM_GOLANG_COURSE/FifthTask/my_str_to_num/sec_solution/myStrToNum2.go:43.3,45.4 1 1
github.com/Mishamba/EPAM_GOLANG_COURSE/FifthTask/my_str_to_num/sec_solution/myStrToNum2.go:52.55,54.59 2 1
github.com/Mishamba/EPAM_GOLANG_COURSE/FifthTask/my_str_to_num/sec_solution/myStrToNum2.go:60.2,60.61 1 1
github.com/Mishamba/EPAM_GOLANG_COURSE/FifthTask/my_str_to_num/sec_solution/myStrToNum2.go:64.2,65.16 2 1
github.com/Mishamba/EPAM_GOLANG_COURSE/FifthTask/my_str_to_num/sec_solution/myStrToNum2.go:69.2,69.73 1 1
github.com/Mishamba/EPAM_GOLANG_COURSE/FifthTask/my_str_to_num/sec_solution/myStrToNum2.go:73.2,73.66 1 1
github.com/Mishamba/EPAM_GOLANG_COURSE/FifthTask/my_str_to_num/sec_solution/myStrToNum2.go:54.59,55.36 1 1
github.com/Mishamba/EPAM_GOLANG_COURSE/FifthTask/my_str_to_num/sec_solution/myStrToNum2.go:55.36,57.4 1 1
github.com/Mishamba/EPAM_GOLANG_COURSE/FifthTask/my_str_to_num/sec_solution/myStrToNum2.go:60.61,62.3 1 1
github.com/Mishamba/EPAM_GOLANG_COURSE/FifthTask/my_str_to_num/sec_solution/myStrToNum2.go:65.16,67.3 1 1
github.com/Mishamba/EPAM_GOLANG_COURSE/FifthTask/my_str_to_num/sec_solution/myStrToNum2.go:69.73,71.3 1 1
github.com/Mishamba/EPAM_GOLANG_COURSE/FifthTask/my_str_to_num/sec_solution/myStrToNum2.go:73.66,75.3 1 1
github.com/Mishamba/EPAM_GOLANG_COURSE/FifthTask/my_str_to_num/sec_solution/myStrToNum2.go:75.8,77.3 1 1
github.com/Mishamba/EPAM_GOLANG_COURSE/FifthTask/my_str_to_num/sec_solution/myStrToNum2.go:80.82,81.29 1 1
github.com/Mishamba/EPAM_GOLANG_COURSE/FifthTask/my_str_to_num/sec_solution/myStrToNum2.go:84.2,87.37 3 1
github.com/Mishamba/EPAM_GOLANG_COURSE/FifthTask/my_str_to_num/sec_solution/myStrToNum2.go:94.2,94.20 1 1
github.com/Mishamba/EPAM_GOLANG_COURSE/FifthTask/my_str_to_num/sec_solution/myStrToNum2.go:98.2,98.19 1 1
github.com/Mishamba/EPAM_GOLANG_COURSE/FifthTask/my_str_to_num/sec_solution/myStrToNum2.go:110.2,110.23 1 1
github.com/Mishamba/EPAM_GOLANG_COURSE/FifthTask/my_str_to_num/sec_solution/myStrToNum2.go:81.29,83.3 1 1
github.com/Mishamba/EPAM_GOLANG_COURSE/FifthTask/my_str_to_num/sec_solution/myStrToNum2.go:87.37,88.12 1 1
github.com/Mishamba/EPAM_GOLANG_COURSE/FifthTask/my_str_to_num/sec_solution/myStrToNum2.go:88.12,91.4 2 1
github.com/Mishamba/EPAM_GOLANG_COURSE/FifthTask/my_str_to_num/sec_solution/myStrToNum2.go:94.20,96.3 1 1
github.com/Mishamba/EPAM_GOLANG_COURSE/FifthTask/my_str_to_num/sec_solution/myStrToNum2.go:98.19,99.26 1 1
github.com/Mishamba/EPAM_GOLANG_COURSE/FifthTask/my_str_to_num/sec_solution/myStrToNum2.go:103.3,103.31 1 1
github.com/Mishamba/EPAM_GOLANG_COURSE/FifthTask/my_str_to_num/sec_solution/myStrToNum2.go:99.26,101.4 1 1
github.com/Mishamba/EPAM_GOLANG_COURSE/FifthTask/my_str_to_num/sec_solution/myStrToNum2.go:103.31,105.4 1 1
github.com/Mishamba/EPAM_GOLANG_COURSE/FifthTask/my_str_to_num/sec_solution/myStrToNum2.go:105.9,107.4 1 1
github.com/Mishamba/EPAM_GOLANG_COURSE/FifthTask/my_str_to_num/sec_solution/myStrToNum2.go:113.70,114.64 1 1
github.com/Mishamba/EPAM_GOLANG_COURSE/FifthTask/my_str_to_num/sec_solution/myStrToNum2.go:122.2,123.20 2 1
github.com/Mishamba/EPAM_GOLANG_COURSE/FifthTask/my_str_to_num/sec_solution/myStrToNum2.go:114.64,116.54 2 1
github.com/Mishamba/EPAM_GOLANG_COURSE/FifthTask/my_str_to_num/sec_solution/myStrToNum2.go:119.3,120.91 2 1
github.com/Mishamba/EPAM_GOLANG_COURSE/FifthTask/my_str_to_num/sec_solution/myStrToNum2.go:116.54,118.4 1 1
github.com/Mishamba/EPAM_GOLANG_COURSE/FifthTask/my_str_to_num/sec_solution/myStrToNum2.go:126.56,128.16 2 1
github.com/Mishamba/EPAM_GOLANG_COURSE/FifthTask/my_str_to_num/sec_solution/myStrToNum2.go:128.16,130.3 1 1
github.com/Mishamba/EPAM_GOLANG_COURSE/FifthTask/my_str_to_num/sec_solution/myStrToNum2.go:130.8,132.3 1 1
github.com/Mishamba/EPAM_GOLANG_COURSE/FifthTask/my_str_to_num/sec_solution/myStrToNum2.go:135.86,137.45 2 1
github.com/Mishamba/EPAM_GOLANG_COURSE/FifthTask/my_str_to_num/sec_solution/myStrToNum2.go:140.2,142.51 3 1
github.com/Mishamba/EPAM_GOLANG_COURSE/FifthTask/my_str_to_num/sec_solution/myStrToNum2.go:145.2,146.55 2 1
github.com/Mishamba/EPAM_GOLANG_COURSE/FifthTask/my_str_to_num/sec_solution/myStrToNum2.go:149.2,151.20 2 1
github.com/Mishamba/EPAM_GOLANG_COURSE/FifthTask/my_str_to_num/sec_solution/myStrToNum2.go:137.45,139.3 1 1
github.com/Mishamba/EPAM_GOLANG_COURSE/FifthTask/my_str_to_num/sec_solution/myStrToNum2.go:142.51,144.3 1 1
github.com/Mishamba/EPAM_GOLANG_COURSE/FifthTask/my_str_to_num/sec_solution/myStrToNum2.go:146.55,148.3 1 1
github.com/Mishamba/EPAM_GOLANG_COURSE/FifthTask/my_str_to_num/sec_solution/myStrToNum2.go:154.75,173.64 2 1
github.com/Mishamba/EPAM_GOLANG_COURSE/FifthTask/my_str_to_num/sec_solution/myStrToNum2.go:181.2,182.20 2 1
github.com/Mishamba/EPAM_GOLANG_COURSE/FifthTask/my_str_to_num/sec_solution/myStrToNum2.go:173.64,175.106 2 1
github.com/Mishamba/EPAM_GOLANG_COURSE/FifthTask/my_str_to_num/sec_solution/myStrToNum2.go:178.3,179.92 2 1
github.com/Mishamba/EPAM_GOLANG_COURSE/FifthTask/my_str_to_num/sec_solution/myStrToNum2.go:175.106,177.4 1 1
github.com/Mishamba/EPAM_GOLANG_COURSE/FifthTask/my_str_to_num/sec_solution/myStrToNum2.go:186.59,190.53 4 1
github.com/Mishamba/EPAM_GOLANG_COURSE/FifthTask/my_str_to_num/sec_solution/myStrToNum2.go:205.2,205.65 1 1
github.com/Mishamba/EPAM_GOLANG_COURSE/FifthTask/my_str_to_num/sec_solution/myStrToNum2.go:210.2,210.29 1 1
github.com/Mishamba/EPAM_GOLANG_COURSE/FifthTask/my_str_to_num/sec_solution/myStrToNum2.go:190.53,191.93 1 1
github.com/Mishamba/EPAM_GOLANG_COURSE/FifthTask/my_str_to_num/sec_solution/myStrToNum2.go:196.3,196.21 1 1
github.com/Mishamba/EPAM_GOLANG_COURSE/FifthTask/my_str_to_num/sec_solution/myStrToNum2.go:200.3,200.39 1 1
github.com/Mishamba/EPAM_GOLANG_COURSE/FifthTask/my_str_to_num/sec_solution/myStrToNum2.go:191.93,194.4 2 1
github.com/Mishamba/EPAM_GOLANG_COURSE/FifthTask/my_str_to_num/sec_solution/myStrToNum2.go:196.21,199.4 2 1
github.com/Mishamba/EPAM_GOLANG_COURSE/FifthTask/my_str_to_num/sec_solution/myStrToNum2.go:200.39,202.4 1 1
github.com/Mishamba/EPAM_GOLANG_COURSE/FifthTask/my_str_to_num/sec_solution/myStrToNum2.go:205.65,208.3 2 1
github.com/Mishamba/EPAM_GOLANG_COURSE/FifthTask/my_str_to_num/sec_solution/myStrToNum2.go:213.56,214.53 1 1
github.com/Mishamba/EPAM_GOLANG_COURSE/FifthTask/my_str_to_num/sec_solution/myStrToNum2.go:221.2,221.25 1 1
github.com/Mishamba/EPAM_GOLANG_COURSE/FifthTask/my_str_to_num/sec_solution/myStrToNum2.go:214.53,215.42 1 1
github.com/Mishamba/EPAM_GOLANG_COURSE/FifthTask/my_str_to_num/sec_solution/myStrToNum2.go:215.42,218.4 2 1
github.com/Mishamba/EPAM_GOLANG_COURSE/FifthTask/my_str_to_num/sec_solution/myStrToNum2.go:224.53,225.53 1 1
github.com/Mishamba/EPAM_GOLANG_COURSE/FifthTask/my_str_to_num/sec_solution/myStrToNum2.go:232.2,232.22 1 1
github.com/Mishamba/EPAM_GOLANG_COURSE/FifthTask/my_str_to_num/sec_solution/myStrToNum2.go:225.53,226.42 1 1
github.com/Mishamba/EPAM_GOLANG_COURSE/FifthTask/my_str_to_num/sec_solution/myStrToNum2.go:226.42,229.4 2 1
github.com/Mishamba/EPAM_GOLANG_COURSE/FifthTask/my_str_to_num/sec_solution/myStrToNum2.go:235.73,236.53 1 1
github.com/Mishamba/EPAM_GOLANG_COURSE/FifthTask/my_str_to_num/sec_solution/myStrToNum2.go:246.2,246.23 1 1
github.com/Mishamba/EPAM_GOLANG_COURSE/FifthTask/my_str_to_num/sec_solution/myStrToNum2.go:251.2,251.24 1 1
github.com/Mishamba/EPAM_GOLANG_COURSE/FifthTask/my_str_to_num/sec_solution/myStrToNum2.go:236.53,237.62 1 1
github.com/Mishamba/EPAM_GOLANG_COURSE/FifthTask/my_str_to_num/sec_solution/myStrToNum2.go:241.3,241.21 1 1
github.com/Mishamba/EPAM_GOLANG_COURSE/FifthTask/my_str_to_num/sec_solution/myStrToNum2.go:237.62,240.4 2 1
github.com/Mishamba/EPAM_GOLANG_COURSE/FifthTask/my_str_to_num/sec_solution/myStrToNum2.go:241.21,243.4 1 1
github.com/Mishamba/EPAM_GOLANG_COURSE/FifthTask/my_str_to_num/sec_solution/myStrToNum2.go:246.23,249.3 2 1
github.com/Mishamba/EPAM_GOLANG_COURSE/FifthTask/my_str_to_num/sec_solution/myStrToNum2.go:254.61,255.53 1 1
github.com/Mishamba/EPAM_GOLANG_COURSE/FifthTask/my_str_to_num/sec_solution/myStrToNum2.go:262.2,262.30 1 1
github.com/Mishamba/EPAM_GOLANG_COURSE/FifthTask/my_str_to_num/sec_solution/myStrToNum2.go:255.53,256.82 1 1
github.com/Mishamba/EPAM_GOLANG_COURSE/FifthTask/my_str_to_num/sec_solution/myStrToNum2.go:256.82,259.4 2 1
