mode: set
github.com/Mishamba/EPAM_GOLANG_COURSE/FourthTask/figures/types/types.go:26.47,27.19 1 1
github.com/Mishamba/EPAM_GOLANG_COURSE/FourthTask/figures/types/types.go:30.2,30.31 1 1
github.com/Mishamba/EPAM_GOLANG_COURSE/FourthTask/figures/types/types.go:27.19,29.3 1 1
github.com/Mishamba/EPAM_GOLANG_COURSE/FourthTask/figures/types/types.go:33.41,34.60 1 1
github.com/Mishamba/EPAM_GOLANG_COURSE/FourthTask/figures/types/types.go:37.2,37.54 1 1
github.com/Mishamba/EPAM_GOLANG_COURSE/FourthTask/figures/types/types.go:34.60,36.3 1 0
github.com/Mishamba/EPAM_GOLANG_COURSE/FourthTask/figures/types/types.go:40.45,41.55 1 1
github.com/Mishamba/EPAM_GOLANG_COURSE/FourthTask/figures/types/types.go:44.2,44.47 1 1
github.com/Mishamba/EPAM_GOLANG_COURSE/FourthTask/figures/types/types.go:41.55,43.3 1 0
github.com/Mishamba/EPAM_GOLANG_COURSE/FourthTask/figures/types/types.go:51.45,52.17 1 1
github.com/Mishamba/EPAM_GOLANG_COURSE/FourthTask/figures/types/types.go:55.2,55.29 1 1
github.com/Mishamba/EPAM_GOLANG_COURSE/FourthTask/figures/types/types.go:52.17,54.3 1 1
github.com/Mishamba/EPAM_GOLANG_COURSE/FourthTask/figures/types/types.go:58.41,59.50 1 1
github.com/Mishamba/EPAM_GOLANG_COURSE/FourthTask/figures/types/types.go:62.2,62.42 1 1
github.com/Mishamba/EPAM_GOLANG_COURSE/FourthTask/figures/types/types.go:59.50,61.3 1 0
github.com/Mishamba/EPAM_GOLANG_COURSE/FourthTask/figures/types/types.go:65.45,66.43 1 1
github.com/Mishamba/EPAM_GOLANG_COURSE/FourthTask/figures/types/types.go:69.2,69.35 1 1
github.com/Mishamba/EPAM_GOLANG_COURSE/FourthTask/figures/types/types.go:66.43,68.3 1 0
