mode: set
github.com/Mishamba/EPAM_GOLANG_COURSE/FourthTask/figures/types/types.go:26.47,27.19 1 1
github.com/Mishamba/EPAM_GOLANG_COURSE/FourthTask/figures/types/types.go:30.2,30.31 1 1
github.com/Mishamba/EPAM_GOLANG_COURSE/FourthTask/figures/types/types.go:27.19,29.3 1 1
github.com/Mishamba/EPAM_GOLANG_COURSE/FourthTask/figures/types/types.go:33.41,35.2 1 1
github.com/Mishamba/EPAM_GOLANG_COURSE/FourthTask/figures/types/types.go:37.45,39.2 1 1
github.com/Mishamba/EPAM_GOLANG_COURSE/FourthTask/figures/types/types.go:45.45,46.17 1 1
github.com/Mishamba/EPAM_GOLANG_COURSE/FourthTask/figures/types/types.go:49.2,49.29 1 1
github.com/Mishamba/EPAM_GOLANG_COURSE/FourthTask/figures/types/types.go:46.17,48.3 1 1
github.com/Mishamba/EPAM_GOLANG_COURSE/FourthTask/figures/types/types.go:52.41,54.2 1 1
github.com/Mishamba/EPAM_GOLANG_COURSE/FourthTask/figures/types/types.go:56.45,58.2 1 1
