mode: set
github.com/Mishamba/EPAM_GOLANG_COURSE/FifthTask/tmp/tmp.go:13.13,15.16 2 0
github.com/Mishamba/EPAM_GOLANG_COURSE/FifthTask/tmp/tmp.go:19.2,19.16 1 0
github.com/Mishamba/EPAM_GOLANG_COURSE/FifthTask/tmp/tmp.go:15.16,16.13 1 0
github.com/Mishamba/EPAM_GOLANG_COURSE/FifthTask/tmp/tmp.go:22.65,34.27 9 1
github.com/Mishamba/EPAM_GOLANG_COURSE/FifthTask/tmp/tmp.go:38.2,40.24 2 1
github.com/Mishamba/EPAM_GOLANG_COURSE/FifthTask/tmp/tmp.go:44.2,44.21 1 1
github.com/Mishamba/EPAM_GOLANG_COURSE/FifthTask/tmp/tmp.go:48.2,48.23 1 1
github.com/Mishamba/EPAM_GOLANG_COURSE/FifthTask/tmp/tmp.go:52.2,52.29 1 1
github.com/Mishamba/EPAM_GOLANG_COURSE/FifthTask/tmp/tmp.go:56.2,56.73 1 0
github.com/Mishamba/EPAM_GOLANG_COURSE/FifthTask/tmp/tmp.go:34.27,36.3 1 1
github.com/Mishamba/EPAM_GOLANG_COURSE/FifthTask/tmp/tmp.go:40.24,42.3 1 0
github.com/Mishamba/EPAM_GOLANG_COURSE/FifthTask/tmp/tmp.go:44.21,46.3 1 0
github.com/Mishamba/EPAM_GOLANG_COURSE/FifthTask/tmp/tmp.go:48.23,50.3 1 1
github.com/Mishamba/EPAM_GOLANG_COURSE/FifthTask/tmp/tmp.go:52.29,54.3 1 1
github.com/Mishamba/EPAM_GOLANG_COURSE/FifthTask/tmp/tmp.go:59.61,60.29 1 1
github.com/Mishamba/EPAM_GOLANG_COURSE/FifthTask/tmp/tmp.go:63.2,66.37 3 1
github.com/Mishamba/EPAM_GOLANG_COURSE/FifthTask/tmp/tmp.go:73.2,73.16 1 1
github.com/Mishamba/EPAM_GOLANG_COURSE/FifthTask/tmp/tmp.go:77.2,77.15 1 1
github.com/Mishamba/EPAM_GOLANG_COURSE/FifthTask/tmp/tmp.go:108.2,108.23 1 1
github.com/Mishamba/EPAM_GOLANG_COURSE/FifthTask/tmp/tmp.go:60.29,62.3 1 1
github.com/Mishamba/EPAM_GOLANG_COURSE/FifthTask/tmp/tmp.go:66.37,67.12 1 1
github.com/Mishamba/EPAM_GOLANG_COURSE/FifthTask/tmp/tmp.go:67.12,70.4 2 1
github.com/Mishamba/EPAM_GOLANG_COURSE/FifthTask/tmp/tmp.go:73.16,75.3 1 1
github.com/Mishamba/EPAM_GOLANG_COURSE/FifthTask/tmp/tmp.go:77.15,78.26 1 1
github.com/Mishamba/EPAM_GOLANG_COURSE/FifthTask/tmp/tmp.go:105.3,105.24 1 1
github.com/Mishamba/EPAM_GOLANG_COURSE/FifthTask/tmp/tmp.go:78.26,80.4 1 1
github.com/Mishamba/EPAM_GOLANG_COURSE/FifthTask/tmp/tmp.go:111.70,112.64 1 1
github.com/Mishamba/EPAM_GOLANG_COURSE/FifthTask/tmp/tmp.go:120.2,121.20 2 1
github.com/Mishamba/EPAM_GOLANG_COURSE/FifthTask/tmp/tmp.go:112.64,114.62 2 1
github.com/Mishamba/EPAM_GOLANG_COURSE/FifthTask/tmp/tmp.go:114.62,116.4 1 1
github.com/Mishamba/EPAM_GOLANG_COURSE/FifthTask/tmp/tmp.go:116.9,118.4 1 1
github.com/Mishamba/EPAM_GOLANG_COURSE/FifthTask/tmp/tmp.go:124.67,125.58 1 1
github.com/Mishamba/EPAM_GOLANG_COURSE/FifthTask/tmp/tmp.go:125.58,127.3 1 1
github.com/Mishamba/EPAM_GOLANG_COURSE/FifthTask/tmp/tmp.go:127.8,129.3 1 1
github.com/Mishamba/EPAM_GOLANG_COURSE/FifthTask/tmp/tmp.go:132.86,134.45 2 1
github.com/Mishamba/EPAM_GOLANG_COURSE/FifthTask/tmp/tmp.go:137.2,139.51 3 1
github.com/Mishamba/EPAM_GOLANG_COURSE/FifthTask/tmp/tmp.go:142.2,143.55 2 1
github.com/Mishamba/EPAM_GOLANG_COURSE/FifthTask/tmp/tmp.go:146.2,148.20 2 1
github.com/Mishamba/EPAM_GOLANG_COURSE/FifthTask/tmp/tmp.go:134.45,136.3 1 1
github.com/Mishamba/EPAM_GOLANG_COURSE/FifthTask/tmp/tmp.go:139.51,141.3 1 0
github.com/Mishamba/EPAM_GOLANG_COURSE/FifthTask/tmp/tmp.go:143.55,145.3 1 0
github.com/Mishamba/EPAM_GOLANG_COURSE/FifthTask/tmp/tmp.go:151.75,170.64 2 1
github.com/Mishamba/EPAM_GOLANG_COURSE/FifthTask/tmp/tmp.go:178.2,179.20 2 1
github.com/Mishamba/EPAM_GOLANG_COURSE/FifthTask/tmp/tmp.go:170.64,172.106 2 1
github.com/Mishamba/EPAM_GOLANG_COURSE/FifthTask/tmp/tmp.go:175.3,176.92 2 1
github.com/Mishamba/EPAM_GOLANG_COURSE/FifthTask/tmp/tmp.go:172.106,174.4 1 1
github.com/Mishamba/EPAM_GOLANG_COURSE/FifthTask/tmp/tmp.go:183.59,187.53 4 1
github.com/Mishamba/EPAM_GOLANG_COURSE/FifthTask/tmp/tmp.go:202.2,202.29 1 1
github.com/Mishamba/EPAM_GOLANG_COURSE/FifthTask/tmp/tmp.go:207.2,207.34 1 1
github.com/Mishamba/EPAM_GOLANG_COURSE/FifthTask/tmp/tmp.go:212.2,212.29 1 1
github.com/Mishamba/EPAM_GOLANG_COURSE/FifthTask/tmp/tmp.go:187.53,188.93 1 1
github.com/Mishamba/EPAM_GOLANG_COURSE/FifthTask/tmp/tmp.go:193.3,193.21 1 1
github.com/Mishamba/EPAM_GOLANG_COURSE/FifthTask/tmp/tmp.go:197.3,197.39 1 1
github.com/Mishamba/EPAM_GOLANG_COURSE/FifthTask/tmp/tmp.go:188.93,191.4 2 1
github.com/Mishamba/EPAM_GOLANG_COURSE/FifthTask/tmp/tmp.go:193.21,196.4 2 1
github.com/Mishamba/EPAM_GOLANG_COURSE/FifthTask/tmp/tmp.go:197.39,199.4 1 1
github.com/Mishamba/EPAM_GOLANG_COURSE/FifthTask/tmp/tmp.go:202.29,205.3 2 1
github.com/Mishamba/EPAM_GOLANG_COURSE/FifthTask/tmp/tmp.go:207.34,210.3 2 1
github.com/Mishamba/EPAM_GOLANG_COURSE/FifthTask/tmp/tmp.go:215.56,216.53 1 1
github.com/Mishamba/EPAM_GOLANG_COURSE/FifthTask/tmp/tmp.go:223.2,223.25 1 1
github.com/Mishamba/EPAM_GOLANG_COURSE/FifthTask/tmp/tmp.go:216.53,217.42 1 1
github.com/Mishamba/EPAM_GOLANG_COURSE/FifthTask/tmp/tmp.go:217.42,220.4 2 1
github.com/Mishamba/EPAM_GOLANG_COURSE/FifthTask/tmp/tmp.go:226.53,227.53 1 1
github.com/Mishamba/EPAM_GOLANG_COURSE/FifthTask/tmp/tmp.go:234.2,234.22 1 1
github.com/Mishamba/EPAM_GOLANG_COURSE/FifthTask/tmp/tmp.go:227.53,228.42 1 1
github.com/Mishamba/EPAM_GOLANG_COURSE/FifthTask/tmp/tmp.go:228.42,231.4 2 1
github.com/Mishamba/EPAM_GOLANG_COURSE/FifthTask/tmp/tmp.go:237.73,238.53 1 1
github.com/Mishamba/EPAM_GOLANG_COURSE/FifthTask/tmp/tmp.go:248.2,248.23 1 1
github.com/Mishamba/EPAM_GOLANG_COURSE/FifthTask/tmp/tmp.go:253.2,253.24 1 1
github.com/Mishamba/EPAM_GOLANG_COURSE/FifthTask/tmp/tmp.go:238.53,239.62 1 1
github.com/Mishamba/EPAM_GOLANG_COURSE/FifthTask/tmp/tmp.go:243.3,243.21 1 1
github.com/Mishamba/EPAM_GOLANG_COURSE/FifthTask/tmp/tmp.go:239.62,242.4 2 1
github.com/Mishamba/EPAM_GOLANG_COURSE/FifthTask/tmp/tmp.go:243.21,245.4 1 1
github.com/Mishamba/EPAM_GOLANG_COURSE/FifthTask/tmp/tmp.go:248.23,251.3 2 1
github.com/Mishamba/EPAM_GOLANG_COURSE/FifthTask/tmp/tmp.go:256.61,257.53 1 1
github.com/Mishamba/EPAM_GOLANG_COURSE/FifthTask/tmp/tmp.go:264.2,264.30 1 1
github.com/Mishamba/EPAM_GOLANG_COURSE/FifthTask/tmp/tmp.go:257.53,258.82 1 1
github.com/Mishamba/EPAM_GOLANG_COURSE/FifthTask/tmp/tmp.go:258.82,261.4 2 1
