mode: set
github.com/Mishamba/EPAM_GOLANG_COURSE/FifthTask/myStrToNum/secSolition/tmp.go:12.86,26.16 10 1
github.com/Mishamba/EPAM_GOLANG_COURSE/FifthTask/myStrToNum/secSolition/tmp.go:27.16,28.3 1 1
github.com/Mishamba/EPAM_GOLANG_COURSE/FifthTask/myStrToNum/secSolition/tmp.go:32.13,33.3 1 1
github.com/Mishamba/EPAM_GOLANG_COURSE/FifthTask/myStrToNum/secSolition/tmp.go:37.15,38.3 1 1
github.com/Mishamba/EPAM_GOLANG_COURSE/FifthTask/myStrToNum/secSolition/tmp.go:42.21,43.3 1 1
github.com/Mishamba/EPAM_GOLANG_COURSE/FifthTask/myStrToNum/secSolition/tmp.go:47.10,48.46 1 1
github.com/Mishamba/EPAM_GOLANG_COURSE/FifthTask/myStrToNum/secSolition/tmp.go:28.3,30.4 1 1
github.com/Mishamba/EPAM_GOLANG_COURSE/FifthTask/myStrToNum/secSolition/tmp.go:33.3,35.4 1 1
github.com/Mishamba/EPAM_GOLANG_COURSE/FifthTask/myStrToNum/secSolition/tmp.go:38.3,40.4 1 1
github.com/Mishamba/EPAM_GOLANG_COURSE/FifthTask/myStrToNum/secSolition/tmp.go:43.3,45.4 1 1
github.com/Mishamba/EPAM_GOLANG_COURSE/FifthTask/myStrToNum/secSolition/tmp.go:52.82,53.29 1 1
github.com/Mishamba/EPAM_GOLANG_COURSE/FifthTask/myStrToNum/secSolition/tmp.go:56.2,59.37 3 1
github.com/Mishamba/EPAM_GOLANG_COURSE/FifthTask/myStrToNum/secSolition/tmp.go:66.2,66.20 1 1
github.com/Mishamba/EPAM_GOLANG_COURSE/FifthTask/myStrToNum/secSolition/tmp.go:70.2,70.19 1 1
github.com/Mishamba/EPAM_GOLANG_COURSE/FifthTask/myStrToNum/secSolition/tmp.go:107.2,107.23 1 1
github.com/Mishamba/EPAM_GOLANG_COURSE/FifthTask/myStrToNum/secSolition/tmp.go:53.29,55.3 1 1
github.com/Mishamba/EPAM_GOLANG_COURSE/FifthTask/myStrToNum/secSolition/tmp.go:59.37,60.12 1 1
github.com/Mishamba/EPAM_GOLANG_COURSE/FifthTask/myStrToNum/secSolition/tmp.go:60.12,63.4 2 1
github.com/Mishamba/EPAM_GOLANG_COURSE/FifthTask/myStrToNum/secSolition/tmp.go:66.20,68.3 1 1
github.com/Mishamba/EPAM_GOLANG_COURSE/FifthTask/myStrToNum/secSolition/tmp.go:70.19,71.26 1 1
github.com/Mishamba/EPAM_GOLANG_COURSE/FifthTask/myStrToNum/secSolition/tmp.go:100.3,100.31 1 1
github.com/Mishamba/EPAM_GOLANG_COURSE/FifthTask/myStrToNum/secSolition/tmp.go:71.26,73.4 1 1
github.com/Mishamba/EPAM_GOLANG_COURSE/FifthTask/myStrToNum/secSolition/tmp.go:100.31,102.4 1 1
github.com/Mishamba/EPAM_GOLANG_COURSE/FifthTask/myStrToNum/secSolition/tmp.go:102.9,104.4 1 1
github.com/Mishamba/EPAM_GOLANG_COURSE/FifthTask/myStrToNum/secSolition/tmp.go:110.70,111.64 1 1
github.com/Mishamba/EPAM_GOLANG_COURSE/FifthTask/myStrToNum/secSolition/tmp.go:119.2,120.20 2 1
github.com/Mishamba/EPAM_GOLANG_COURSE/FifthTask/myStrToNum/secSolition/tmp.go:111.64,113.62 2 1
github.com/Mishamba/EPAM_GOLANG_COURSE/FifthTask/myStrToNum/secSolition/tmp.go:113.62,115.4 1 1
github.com/Mishamba/EPAM_GOLANG_COURSE/FifthTask/myStrToNum/secSolition/tmp.go:115.9,117.4 1 1
github.com/Mishamba/EPAM_GOLANG_COURSE/FifthTask/myStrToNum/secSolition/tmp.go:123.67,124.58 1 1
github.com/Mishamba/EPAM_GOLANG_COURSE/FifthTask/myStrToNum/secSolition/tmp.go:124.58,126.3 1 1
github.com/Mishamba/EPAM_GOLANG_COURSE/FifthTask/myStrToNum/secSolition/tmp.go:126.8,128.3 1 1
github.com/Mishamba/EPAM_GOLANG_COURSE/FifthTask/myStrToNum/secSolition/tmp.go:131.86,133.45 2 1
github.com/Mishamba/EPAM_GOLANG_COURSE/FifthTask/myStrToNum/secSolition/tmp.go:136.2,138.51 3 1
github.com/Mishamba/EPAM_GOLANG_COURSE/FifthTask/myStrToNum/secSolition/tmp.go:141.2,142.55 2 1
github.com/Mishamba/EPAM_GOLANG_COURSE/FifthTask/myStrToNum/secSolition/tmp.go:145.2,147.20 2 1
github.com/Mishamba/EPAM_GOLANG_COURSE/FifthTask/myStrToNum/secSolition/tmp.go:133.45,135.3 1 1
github.com/Mishamba/EPAM_GOLANG_COURSE/FifthTask/myStrToNum/secSolition/tmp.go:138.51,140.3 1 1
github.com/Mishamba/EPAM_GOLANG_COURSE/FifthTask/myStrToNum/secSolition/tmp.go:142.55,144.3 1 1
github.com/Mishamba/EPAM_GOLANG_COURSE/FifthTask/myStrToNum/secSolition/tmp.go:150.75,169.64 2 1
github.com/Mishamba/EPAM_GOLANG_COURSE/FifthTask/myStrToNum/secSolition/tmp.go:177.2,178.20 2 1
github.com/Mishamba/EPAM_GOLANG_COURSE/FifthTask/myStrToNum/secSolition/tmp.go:169.64,171.106 2 1
github.com/Mishamba/EPAM_GOLANG_COURSE/FifthTask/myStrToNum/secSolition/tmp.go:174.3,175.92 2 1
github.com/Mishamba/EPAM_GOLANG_COURSE/FifthTask/myStrToNum/secSolition/tmp.go:171.106,173.4 1 1
github.com/Mishamba/EPAM_GOLANG_COURSE/FifthTask/myStrToNum/secSolition/tmp.go:182.59,186.53 4 1
github.com/Mishamba/EPAM_GOLANG_COURSE/FifthTask/myStrToNum/secSolition/tmp.go:201.2,201.65 1 1
github.com/Mishamba/EPAM_GOLANG_COURSE/FifthTask/myStrToNum/secSolition/tmp.go:206.2,206.29 1 1
github.com/Mishamba/EPAM_GOLANG_COURSE/FifthTask/myStrToNum/secSolition/tmp.go:186.53,187.93 1 1
github.com/Mishamba/EPAM_GOLANG_COURSE/FifthTask/myStrToNum/secSolition/tmp.go:192.3,192.21 1 1
github.com/Mishamba/EPAM_GOLANG_COURSE/FifthTask/myStrToNum/secSolition/tmp.go:196.3,196.39 1 1
github.com/Mishamba/EPAM_GOLANG_COURSE/FifthTask/myStrToNum/secSolition/tmp.go:187.93,190.4 2 1
github.com/Mishamba/EPAM_GOLANG_COURSE/FifthTask/myStrToNum/secSolition/tmp.go:192.21,195.4 2 1
github.com/Mishamba/EPAM_GOLANG_COURSE/FifthTask/myStrToNum/secSolition/tmp.go:196.39,198.4 1 1
github.com/Mishamba/EPAM_GOLANG_COURSE/FifthTask/myStrToNum/secSolition/tmp.go:201.65,204.3 2 1
github.com/Mishamba/EPAM_GOLANG_COURSE/FifthTask/myStrToNum/secSolition/tmp.go:209.56,210.53 1 1
github.com/Mishamba/EPAM_GOLANG_COURSE/FifthTask/myStrToNum/secSolition/tmp.go:217.2,217.25 1 1
github.com/Mishamba/EPAM_GOLANG_COURSE/FifthTask/myStrToNum/secSolition/tmp.go:210.53,211.42 1 1
github.com/Mishamba/EPAM_GOLANG_COURSE/FifthTask/myStrToNum/secSolition/tmp.go:211.42,214.4 2 1
github.com/Mishamba/EPAM_GOLANG_COURSE/FifthTask/myStrToNum/secSolition/tmp.go:220.53,221.53 1 1
github.com/Mishamba/EPAM_GOLANG_COURSE/FifthTask/myStrToNum/secSolition/tmp.go:228.2,228.22 1 1
github.com/Mishamba/EPAM_GOLANG_COURSE/FifthTask/myStrToNum/secSolition/tmp.go:221.53,222.42 1 1
github.com/Mishamba/EPAM_GOLANG_COURSE/FifthTask/myStrToNum/secSolition/tmp.go:222.42,225.4 2 1
github.com/Mishamba/EPAM_GOLANG_COURSE/FifthTask/myStrToNum/secSolition/tmp.go:231.73,232.53 1 1
github.com/Mishamba/EPAM_GOLANG_COURSE/FifthTask/myStrToNum/secSolition/tmp.go:242.2,242.23 1 1
github.com/Mishamba/EPAM_GOLANG_COURSE/FifthTask/myStrToNum/secSolition/tmp.go:247.2,247.24 1 1
github.com/Mishamba/EPAM_GOLANG_COURSE/FifthTask/myStrToNum/secSolition/tmp.go:232.53,233.62 1 1
github.com/Mishamba/EPAM_GOLANG_COURSE/FifthTask/myStrToNum/secSolition/tmp.go:237.3,237.21 1 1
github.com/Mishamba/EPAM_GOLANG_COURSE/FifthTask/myStrToNum/secSolition/tmp.go:233.62,236.4 2 1
github.com/Mishamba/EPAM_GOLANG_COURSE/FifthTask/myStrToNum/secSolition/tmp.go:237.21,239.4 1 1
github.com/Mishamba/EPAM_GOLANG_COURSE/FifthTask/myStrToNum/secSolition/tmp.go:242.23,245.3 2 1
github.com/Mishamba/EPAM_GOLANG_COURSE/FifthTask/myStrToNum/secSolition/tmp.go:250.61,251.53 1 1
github.com/Mishamba/EPAM_GOLANG_COURSE/FifthTask/myStrToNum/secSolition/tmp.go:258.2,258.30 1 1
github.com/Mishamba/EPAM_GOLANG_COURSE/FifthTask/myStrToNum/secSolition/tmp.go:251.53,252.82 1 1
github.com/Mishamba/EPAM_GOLANG_COURSE/FifthTask/myStrToNum/secSolition/tmp.go:252.82,255.4 2 1
