mode: set
github.com/Mishamba/EPAM_GOLANG_COURSE/FifthTask/my_str_to_num/sec_solution/tmp.go:16.86,35.16 13 1
github.com/Mishamba/EPAM_GOLANG_COURSE/FifthTask/my_str_to_num/sec_solution/tmp.go:36.16,37.3 1 1
github.com/Mishamba/EPAM_GOLANG_COURSE/FifthTask/my_str_to_num/sec_solution/tmp.go:41.13,42.3 1 1
github.com/Mishamba/EPAM_GOLANG_COURSE/FifthTask/my_str_to_num/sec_solution/tmp.go:46.15,47.3 1 1
github.com/Mishamba/EPAM_GOLANG_COURSE/FifthTask/my_str_to_num/sec_solution/tmp.go:51.21,52.3 1 1
github.com/Mishamba/EPAM_GOLANG_COURSE/FifthTask/my_str_to_num/sec_solution/tmp.go:56.10,57.46 1 1
github.com/Mishamba/EPAM_GOLANG_COURSE/FifthTask/my_str_to_num/sec_solution/tmp.go:37.3,39.4 1 1
github.com/Mishamba/EPAM_GOLANG_COURSE/FifthTask/my_str_to_num/sec_solution/tmp.go:42.3,44.4 1 1
github.com/Mishamba/EPAM_GOLANG_COURSE/FifthTask/my_str_to_num/sec_solution/tmp.go:47.3,49.4 1 1
github.com/Mishamba/EPAM_GOLANG_COURSE/FifthTask/my_str_to_num/sec_solution/tmp.go:52.3,54.4 1 1
github.com/Mishamba/EPAM_GOLANG_COURSE/FifthTask/my_str_to_num/sec_solution/tmp.go:61.44,63.2 1 1
github.com/Mishamba/EPAM_GOLANG_COURSE/FifthTask/my_str_to_num/sec_solution/tmp.go:65.82,66.29 1 1
github.com/Mishamba/EPAM_GOLANG_COURSE/FifthTask/my_str_to_num/sec_solution/tmp.go:69.2,72.37 3 1
github.com/Mishamba/EPAM_GOLANG_COURSE/FifthTask/my_str_to_num/sec_solution/tmp.go:79.2,79.20 1 1
github.com/Mishamba/EPAM_GOLANG_COURSE/FifthTask/my_str_to_num/sec_solution/tmp.go:83.2,83.19 1 1
github.com/Mishamba/EPAM_GOLANG_COURSE/FifthTask/my_str_to_num/sec_solution/tmp.go:120.2,120.23 1 1
github.com/Mishamba/EPAM_GOLANG_COURSE/FifthTask/my_str_to_num/sec_solution/tmp.go:66.29,68.3 1 1
github.com/Mishamba/EPAM_GOLANG_COURSE/FifthTask/my_str_to_num/sec_solution/tmp.go:72.37,73.12 1 1
github.com/Mishamba/EPAM_GOLANG_COURSE/FifthTask/my_str_to_num/sec_solution/tmp.go:73.12,76.4 2 1
github.com/Mishamba/EPAM_GOLANG_COURSE/FifthTask/my_str_to_num/sec_solution/tmp.go:79.20,81.3 1 1
github.com/Mishamba/EPAM_GOLANG_COURSE/FifthTask/my_str_to_num/sec_solution/tmp.go:83.19,84.26 1 1
github.com/Mishamba/EPAM_GOLANG_COURSE/FifthTask/my_str_to_num/sec_solution/tmp.go:113.3,113.31 1 1
github.com/Mishamba/EPAM_GOLANG_COURSE/FifthTask/my_str_to_num/sec_solution/tmp.go:84.26,86.4 1 1
github.com/Mishamba/EPAM_GOLANG_COURSE/FifthTask/my_str_to_num/sec_solution/tmp.go:113.31,115.4 1 1
github.com/Mishamba/EPAM_GOLANG_COURSE/FifthTask/my_str_to_num/sec_solution/tmp.go:115.9,117.4 1 1
github.com/Mishamba/EPAM_GOLANG_COURSE/FifthTask/my_str_to_num/sec_solution/tmp.go:123.70,124.64 1 1
github.com/Mishamba/EPAM_GOLANG_COURSE/FifthTask/my_str_to_num/sec_solution/tmp.go:132.2,133.20 2 1
github.com/Mishamba/EPAM_GOLANG_COURSE/FifthTask/my_str_to_num/sec_solution/tmp.go:124.64,126.62 2 1
github.com/Mishamba/EPAM_GOLANG_COURSE/FifthTask/my_str_to_num/sec_solution/tmp.go:126.62,128.4 1 1
github.com/Mishamba/EPAM_GOLANG_COURSE/FifthTask/my_str_to_num/sec_solution/tmp.go:128.9,130.4 1 1
github.com/Mishamba/EPAM_GOLANG_COURSE/FifthTask/my_str_to_num/sec_solution/tmp.go:136.67,137.58 1 1
github.com/Mishamba/EPAM_GOLANG_COURSE/FifthTask/my_str_to_num/sec_solution/tmp.go:137.58,139.3 1 1
github.com/Mishamba/EPAM_GOLANG_COURSE/FifthTask/my_str_to_num/sec_solution/tmp.go:139.8,141.3 1 1
github.com/Mishamba/EPAM_GOLANG_COURSE/FifthTask/my_str_to_num/sec_solution/tmp.go:144.86,146.45 2 1
github.com/Mishamba/EPAM_GOLANG_COURSE/FifthTask/my_str_to_num/sec_solution/tmp.go:149.2,151.51 3 1
github.com/Mishamba/EPAM_GOLANG_COURSE/FifthTask/my_str_to_num/sec_solution/tmp.go:154.2,155.55 2 1
github.com/Mishamba/EPAM_GOLANG_COURSE/FifthTask/my_str_to_num/sec_solution/tmp.go:158.2,160.20 2 1
github.com/Mishamba/EPAM_GOLANG_COURSE/FifthTask/my_str_to_num/sec_solution/tmp.go:146.45,148.3 1 1
github.com/Mishamba/EPAM_GOLANG_COURSE/FifthTask/my_str_to_num/sec_solution/tmp.go:151.51,153.3 1 1
github.com/Mishamba/EPAM_GOLANG_COURSE/FifthTask/my_str_to_num/sec_solution/tmp.go:155.55,157.3 1 1
github.com/Mishamba/EPAM_GOLANG_COURSE/FifthTask/my_str_to_num/sec_solution/tmp.go:163.75,182.64 2 1
github.com/Mishamba/EPAM_GOLANG_COURSE/FifthTask/my_str_to_num/sec_solution/tmp.go:190.2,191.20 2 1
github.com/Mishamba/EPAM_GOLANG_COURSE/FifthTask/my_str_to_num/sec_solution/tmp.go:182.64,184.106 2 1
github.com/Mishamba/EPAM_GOLANG_COURSE/FifthTask/my_str_to_num/sec_solution/tmp.go:187.3,188.92 2 1
github.com/Mishamba/EPAM_GOLANG_COURSE/FifthTask/my_str_to_num/sec_solution/tmp.go:184.106,186.4 1 1
github.com/Mishamba/EPAM_GOLANG_COURSE/FifthTask/my_str_to_num/sec_solution/tmp.go:195.59,196.16 1 1
github.com/Mishamba/EPAM_GOLANG_COURSE/FifthTask/my_str_to_num/sec_solution/tmp.go:199.2,202.53 4 1
github.com/Mishamba/EPAM_GOLANG_COURSE/FifthTask/my_str_to_num/sec_solution/tmp.go:217.2,217.65 1 1
github.com/Mishamba/EPAM_GOLANG_COURSE/FifthTask/my_str_to_num/sec_solution/tmp.go:222.2,222.29 1 1
github.com/Mishamba/EPAM_GOLANG_COURSE/FifthTask/my_str_to_num/sec_solution/tmp.go:196.16,198.3 1 1
github.com/Mishamba/EPAM_GOLANG_COURSE/FifthTask/my_str_to_num/sec_solution/tmp.go:202.53,203.93 1 1
github.com/Mishamba/EPAM_GOLANG_COURSE/FifthTask/my_str_to_num/sec_solution/tmp.go:208.3,208.21 1 1
github.com/Mishamba/EPAM_GOLANG_COURSE/FifthTask/my_str_to_num/sec_solution/tmp.go:212.3,212.39 1 1
github.com/Mishamba/EPAM_GOLANG_COURSE/FifthTask/my_str_to_num/sec_solution/tmp.go:203.93,206.4 2 1
github.com/Mishamba/EPAM_GOLANG_COURSE/FifthTask/my_str_to_num/sec_solution/tmp.go:208.21,211.4 2 1
github.com/Mishamba/EPAM_GOLANG_COURSE/FifthTask/my_str_to_num/sec_solution/tmp.go:212.39,214.4 1 1
github.com/Mishamba/EPAM_GOLANG_COURSE/FifthTask/my_str_to_num/sec_solution/tmp.go:217.65,220.3 2 1
github.com/Mishamba/EPAM_GOLANG_COURSE/FifthTask/my_str_to_num/sec_solution/tmp.go:225.56,226.16 1 1
github.com/Mishamba/EPAM_GOLANG_COURSE/FifthTask/my_str_to_num/sec_solution/tmp.go:229.2,229.53 1 1
github.com/Mishamba/EPAM_GOLANG_COURSE/FifthTask/my_str_to_num/sec_solution/tmp.go:236.2,236.25 1 1
github.com/Mishamba/EPAM_GOLANG_COURSE/FifthTask/my_str_to_num/sec_solution/tmp.go:226.16,228.3 1 1
github.com/Mishamba/EPAM_GOLANG_COURSE/FifthTask/my_str_to_num/sec_solution/tmp.go:229.53,230.42 1 1
github.com/Mishamba/EPAM_GOLANG_COURSE/FifthTask/my_str_to_num/sec_solution/tmp.go:230.42,233.4 2 1
github.com/Mishamba/EPAM_GOLANG_COURSE/FifthTask/my_str_to_num/sec_solution/tmp.go:239.53,240.16 1 1
github.com/Mishamba/EPAM_GOLANG_COURSE/FifthTask/my_str_to_num/sec_solution/tmp.go:243.2,243.53 1 1
github.com/Mishamba/EPAM_GOLANG_COURSE/FifthTask/my_str_to_num/sec_solution/tmp.go:250.2,250.22 1 1
github.com/Mishamba/EPAM_GOLANG_COURSE/FifthTask/my_str_to_num/sec_solution/tmp.go:240.16,242.3 1 1
github.com/Mishamba/EPAM_GOLANG_COURSE/FifthTask/my_str_to_num/sec_solution/tmp.go:243.53,244.42 1 1
github.com/Mishamba/EPAM_GOLANG_COURSE/FifthTask/my_str_to_num/sec_solution/tmp.go:244.42,247.4 2 1
github.com/Mishamba/EPAM_GOLANG_COURSE/FifthTask/my_str_to_num/sec_solution/tmp.go:253.73,254.16 1 1
github.com/Mishamba/EPAM_GOLANG_COURSE/FifthTask/my_str_to_num/sec_solution/tmp.go:257.2,257.53 1 1
github.com/Mishamba/EPAM_GOLANG_COURSE/FifthTask/my_str_to_num/sec_solution/tmp.go:267.2,267.23 1 1
github.com/Mishamba/EPAM_GOLANG_COURSE/FifthTask/my_str_to_num/sec_solution/tmp.go:272.2,272.24 1 1
github.com/Mishamba/EPAM_GOLANG_COURSE/FifthTask/my_str_to_num/sec_solution/tmp.go:254.16,256.3 1 1
github.com/Mishamba/EPAM_GOLANG_COURSE/FifthTask/my_str_to_num/sec_solution/tmp.go:257.53,258.62 1 1
github.com/Mishamba/EPAM_GOLANG_COURSE/FifthTask/my_str_to_num/sec_solution/tmp.go:262.3,262.21 1 1
github.com/Mishamba/EPAM_GOLANG_COURSE/FifthTask/my_str_to_num/sec_solution/tmp.go:258.62,261.4 2 1
github.com/Mishamba/EPAM_GOLANG_COURSE/FifthTask/my_str_to_num/sec_solution/tmp.go:262.21,264.4 1 1
github.com/Mishamba/EPAM_GOLANG_COURSE/FifthTask/my_str_to_num/sec_solution/tmp.go:267.23,270.3 2 1
github.com/Mishamba/EPAM_GOLANG_COURSE/FifthTask/my_str_to_num/sec_solution/tmp.go:275.61,276.16 1 1
github.com/Mishamba/EPAM_GOLANG_COURSE/FifthTask/my_str_to_num/sec_solution/tmp.go:279.2,279.53 1 1
github.com/Mishamba/EPAM_GOLANG_COURSE/FifthTask/my_str_to_num/sec_solution/tmp.go:286.2,286.30 1 1
github.com/Mishamba/EPAM_GOLANG_COURSE/FifthTask/my_str_to_num/sec_solution/tmp.go:276.16,278.3 1 1
github.com/Mishamba/EPAM_GOLANG_COURSE/FifthTask/my_str_to_num/sec_solution/tmp.go:279.53,280.82 1 1
github.com/Mishamba/EPAM_GOLANG_COURSE/FifthTask/my_str_to_num/sec_solution/tmp.go:280.82,283.4 2 1
