mode: set
github.com/Mishamba/EPAM_GOLANG_COURSE/FifthTask/debug_some_code/someCodeToDebug.go:14.34,15.13 1 1
github.com/Mishamba/EPAM_GOLANG_COURSE/FifthTask/debug_some_code/someCodeToDebug.go:18.2,19.12 2 1
github.com/Mishamba/EPAM_GOLANG_COURSE/FifthTask/debug_some_code/someCodeToDebug.go:15.13,17.3 1 1
github.com/Mishamba/EPAM_GOLANG_COURSE/FifthTask/debug_some_code/someCodeToDebug.go:22.34,23.12 1 1
github.com/Mishamba/EPAM_GOLANG_COURSE/FifthTask/debug_some_code/someCodeToDebug.go:26.2,27.12 2 1
github.com/Mishamba/EPAM_GOLANG_COURSE/FifthTask/debug_some_code/someCodeToDebug.go:23.12,25.3 1 1
github.com/Mishamba/EPAM_GOLANG_COURSE/FifthTask/debug_some_code/someCodeToDebug.go:30.36,36.2 4 1
